============================================================
Time  2023/09/19 09:58:02 448 
============================================================
[2023/09/19 09:58:02 448] isr        1659 isr loaded!  
[2023/09/19 09:58:02 448] isr        1642 SYS_MSG_REGCB param0 =   msp_status_cb  param1 =   func(f002fb80) 
[2023/09/19 09:58:02 448] isr        1537 ASR_MSG_SSB  
[2023/09/19 09:58:02 448] isr        1066 session_begin() [in], params:   sub = iat, domain = iat, language = zh_cn, accent = mandarin, sample_rate = 16000, result_type = plain, result_encoding = utf8  nil  
[2023/09/19 09:58:02 448] isr        927  vad_set [in]  
[2023/09/19 09:58:02 448] isr        962  vad_enable :  true  
[2023/09/19 09:58:02 448] isr        980  vad_bos :  10000  
[2023/09/19 09:58:02 448] isr        981  vad_eos :  2000  
[2023/09/19 09:58:02 448] isr        886  enable_vad [in]  
[2023/09/19 09:58:02 449] isr        918  vad enabled!  2000  10000  
[2023/09/19 09:58:02 449] isr        921  enable_vad [out]  
[2023/09/19 09:58:02 449] isr        987  vad_set [out] | ret =  0  
[2023/09/19 09:58:02 449] isr        1187 cur_engine_type =   cloud  
[2023/09/19 09:58:02 449] isr        1001 cloud_session_begin  
[2023/09/19 09:58:02 449] isr        1013 unknown  
[2023/09/19 09:58:02 685] isr        1547 ASR_MSG_AUW,   cloud  
[2023/09/19 09:58:02 685] isr        1559 3200  1  
[2023/09/19 09:58:02 685] isr        1569 once_bytes:   3200  
[2023/09/19 09:58:02 685] isr        1547 ASR_MSG_AUW,   cloud  
[2023/09/19 09:58:02 685] isr        1559 3200  2  
[2023/09/19 09:58:02 686] isr        851  [aud] speech start  
[2023/09/19 09:58:02 686] isr        798  1  msc  
[2023/09/19 09:58:02 730] isr        700  cloud_status_cb, eps:  1  
[2023/09/19 09:58:02 730] isr        798  1  cloud  
[2023/09/19 09:58:02 730] isr        813  cloud eps ignored  
[2023/09/19 09:58:02 845] isr        1547 ASR_MSG_AUW,   cloud  
[2023/09/19 09:58:02 846] isr        1559 3200  2  
[2023/09/19 09:58:03 009] isr        1547 ASR_MSG_AUW,   cloud  
[2023/09/19 09:58:03 010] isr        1559 3200  2  
[2023/09/19 09:58:03 010] isr        1547 ASR_MSG_AUW,   cloud  
[2023/09/19 09:58:03 010] isr        1559 3200  2  
[2023/09/19 09:58:03 166] isr        1547 ASR_MSG_AUW,   cloud  
[2023/09/19 09:58:03 166] isr        1559 3200  2  
[2023/09/19 09:58:03 166] isr        1547 ASR_MSG_AUW,   cloud  
[2023/09/19 09:58:03 166] isr        1559 3200  2  
[2023/09/19 09:58:03 330] isr        1547 ASR_MSG_AUW,   cloud  
[2023/09/19 09:58:03 330] isr        1559 3200  2  
[2023/09/19 09:58:03 494] isr        1547 ASR_MSG_AUW,   cloud  
[2023/09/19 09:58:03 494] isr        1559 3200  2  
[2023/09/19 09:58:03 495] isr        1547 ASR_MSG_AUW,   cloud  
[2023/09/19 09:58:03 495] isr        1559 3200  2  
[2023/09/19 09:58:03 658] isr        1547 ASR_MSG_AUW,   cloud  
[2023/09/19 09:58:03 658] isr        1559 3200  2  
[2023/09/19 09:58:03 659] isr        1547 ASR_MSG_AUW,   cloud  
[2023/09/19 09:58:03 659] isr        1559 3200  2  
[2023/09/19 09:58:03 807] isr        1547 ASR_MSG_AUW,   cloud  
[2023/09/19 09:58:03 807] isr        1559 3200  2  
[2023/09/19 09:58:03 971] isr        1547 ASR_MSG_AUW,   cloud  
[2023/09/19 09:58:03 971] isr        1559 3200  2  
[2023/09/19 09:58:03 971] isr        1547 ASR_MSG_AUW,   cloud  
[2023/09/19 09:58:03 971] isr        1559 3200  2  
[2023/09/19 09:58:04 135] isr        1547 ASR_MSG_AUW,   cloud  
[2023/09/19 09:58:04 135] isr        1559 3200  2  
[2023/09/19 09:58:04 298] isr        1547 ASR_MSG_AUW,   cloud  
[2023/09/19 09:58:04 298] isr        1559 3200  2  
[2023/09/19 09:58:04 299] isr        1547 ASR_MSG_AUW,   cloud  
[2023/09/19 09:58:04 299] isr        1559 3200  2  
[2023/09/19 09:58:04 461] isr        1547 ASR_MSG_AUW,   cloud  
[2023/09/19 09:58:04 461] isr        1559 3200  2  
[2023/09/19 09:58:04 462] isr        1547 ASR_MSG_AUW,   cloud  
[2023/09/19 09:58:04 462] isr        1559 3200  2  
[2023/09/19 09:58:04 625] isr        1547 ASR_MSG_AUW,   cloud  
[2023/09/19 09:58:04 625] isr        1559 3200  2  
[2023/09/19 09:58:04 789] isr        1547 ASR_MSG_AUW,   cloud  
[2023/09/19 09:58:04 789] isr        1559 3200  2  
[2023/09/19 09:58:04 789] isr        1547 ASR_MSG_AUW,   cloud  
[2023/09/19 09:58:04 790] isr        1559 3200  2  
[2023/09/19 09:58:04 953] isr        1547 ASR_MSG_AUW,   cloud  
[2023/09/19 09:58:04 953] isr        1559 3200  2  
[2023/09/19 09:58:04 954] isr        1547 ASR_MSG_AUW,   cloud  
[2023/09/19 09:58:04 954] isr        1559 3200  2  
[2023/09/19 09:58:05 088] isr        1547 ASR_MSG_AUW,   cloud  
[2023/09/19 09:58:05 088] isr        1559 3200  2  
[2023/09/19 09:58:05 252] isr        1547 ASR_MSG_AUW,   cloud  
[2023/09/19 09:58:05 252] isr        1559 3200  2  
[2023/09/19 09:58:05 252] isr        1547 ASR_MSG_AUW,   cloud  
[2023/09/19 09:58:05 252] isr        1559 3200  2  
[2023/09/19 09:58:05 416] isr        1547 ASR_MSG_AUW,   cloud  
[2023/09/19 09:58:05 416] isr        1559 3200  2  
[2023/09/19 09:58:05 580] isr        1547 ASR_MSG_AUW,   cloud  
[2023/09/19 09:58:05 580] isr        1559 3200  2  
[2023/09/19 09:58:05 580] isr        1547 ASR_MSG_AUW,   cloud  
[2023/09/19 09:58:05 580] isr        1559 3200  2  
[2023/09/19 09:58:05 744] isr        1547 ASR_MSG_AUW,   cloud  
[2023/09/19 09:58:05 744] isr        1559 3200  2  
[2023/09/19 09:58:05 908] isr        1547 ASR_MSG_AUW,   cloud  
[2023/09/19 09:58:05 908] isr        1559 3200  2  
[2023/09/19 09:58:05 908] isr        1547 ASR_MSG_AUW,   cloud  
[2023/09/19 09:58:05 908] isr        1559 3200  2  
[2023/09/19 09:58:06 072] isr        1547 ASR_MSG_AUW,   cloud  
[2023/09/19 09:58:06 072] isr        1559 3200  2  
[2023/09/19 09:58:06 072] isr        1547 ASR_MSG_AUW,   cloud  
[2023/09/19 09:58:06 072] isr        1559 3200  2  
[2023/09/19 09:58:06 144] isr        662  cloud_rslt_cb status =   0  
[2023/09/19 09:58:06 144] isr        641  process_result call:  cloud  udata(f00387e8) 0  nil  
[2023/09/19 09:58:06 236] isr        1547 ASR_MSG_AUW,   cloud  
[2023/09/19 09:58:06 236] isr        1559 3200  2  
[2023/09/19 09:58:06 400] isr        1547 ASR_MSG_AUW,   cloud  
[2023/09/19 09:58:06 400] isr        1559 3200  2  
[2023/09/19 09:58:06 400] isr        1636 ASR_MSG_GRSLT,   cloud  
[2023/09/19 09:58:06 400] isr        1335 0  udata(f00387e8) 0  
[2023/09/19 09:58:06 401] isr        1547 ASR_MSG_AUW,   cloud  
[2023/09/19 09:58:06 401] isr        1559 3200  2  
[2023/09/19 09:58:06 401] isr        1636 ASR_MSG_GRSLT,   cloud  
[2023/09/19 09:58:06 401] isr        1335 0  nil  2  
[2023/09/19 09:58:06 564] isr        1547 ASR_MSG_AUW,   cloud  
[2023/09/19 09:58:06 564] isr        1559 3200  2  
[2023/09/19 09:58:06 564] isr        1547 ASR_MSG_AUW,   cloud  
[2023/09/19 09:58:06 564] isr        1559 3200  2  
[2023/09/19 09:58:06 728] isr        1547 ASR_MSG_AUW,   cloud  
[2023/09/19 09:58:06 728] isr        1559 3200  2  
[2023/09/19 09:58:06 891] isr        1547 ASR_MSG_AUW,   cloud  
[2023/09/19 09:58:06 891] isr        1559 3200  2  
[2023/09/19 09:58:06 891] isr        1547 ASR_MSG_AUW,   cloud  
[2023/09/19 09:58:06 891] isr        1559 3200  2  
[2023/09/19 09:58:07 053] isr        1547 ASR_MSG_AUW,   cloud  
[2023/09/19 09:58:07 053] isr        1559 3200  2  
[2023/09/19 09:58:07 053] isr        1547 ASR_MSG_AUW,   cloud  
[2023/09/19 09:58:07 053] isr        1559 3200  2  
[2023/09/19 09:58:07 054] isr        854  [aud] speech end  
[2023/09/19 09:58:07 054] isr        798  3  msc  
[2023/09/19 09:58:07 054] isr        864  aud end, MSC VAD  
[2023/09/19 09:58:07 128] isr        700  cloud_status_cb, eps:  3  
[2023/09/19 09:58:07 128] isr        798  3  cloud  
[2023/09/19 09:58:07 128] isr        800  already speech end  
[2023/09/19 09:58:07 130] isr        662  cloud_rslt_cb status =   5  
[2023/09/19 09:58:07 130] isr        641  process_result call:  cloud  udata(f00372b8) 5  nil  
[2023/09/19 09:58:07 130] isr        798  3  msc  
[2023/09/19 09:58:07 130] isr        800  already speech end  
[2023/09/19 09:58:07 215] isr        1547 ASR_MSG_AUW,   cloud  
[2023/09/19 09:58:07 215] isr        1559 3200  2  
[2023/09/19 09:58:07 215] isr        1636 ASR_MSG_GRSLT,   cloud  
[2023/09/19 09:58:07 215] isr        1335 0  udata(f00372b8) 5  
[2023/09/19 09:58:07 316] isr        1639 ASR_MSG_SSE,   cloud  
[2023/09/19 09:58:07 316] isr        1356 session_end() [in]  
[2023/09/19 09:58:07 316] isr        1421 cloud_session_end() [in]  
[2023/09/19 09:58:07 317] isr        1488 ns_host=  open.xf-yun.com  
[2023/09/19 09:58:07 317] isr        1498 tick()mod=  1029487070  
[2023/09/19 09:58:07 317] isr        1499 tick()=  1029487070  
[2023/09/19 09:58:07 317] isr        1501 diff=  4730  
[2023/09/19 09:58:07 318] isr        1514 cloud_session_end() [out]  
[2023/09/19 09:58:07 318] isr        1667 isr unload!  
============================================================
Time  2023/09/19 10:00:40 506 
============================================================
[2023/09/19 10:00:40 506] isr        1659 isr loaded!  
[2023/09/19 10:00:40 506] isr        1642 SYS_MSG_REGCB param0 =   msp_status_cb  param1 =   func(b002fb80) 
[2023/09/19 10:00:40 506] isr        1537 ASR_MSG_SSB  
[2023/09/19 10:00:40 506] isr        1066 session_begin() [in], params:   sub = iat, domain = iat, language = zh_cn, accent = mandarin, sample_rate = 16000, result_type = plain, result_encoding = utf8  nil  
[2023/09/19 10:00:40 506] isr        927  vad_set [in]  
[2023/09/19 10:00:40 506] isr        962  vad_enable :  true  
[2023/09/19 10:00:40 506] isr        980  vad_bos :  10000  
[2023/09/19 10:00:40 506] isr        981  vad_eos :  2000  
[2023/09/19 10:00:40 506] isr        886  enable_vad [in]  
[2023/09/19 10:00:40 506] isr        918  vad enabled!  2000  10000  
[2023/09/19 10:00:40 506] isr        921  enable_vad [out]  
[2023/09/19 10:00:40 506] isr        987  vad_set [out] | ret =  0  
[2023/09/19 10:00:40 506] isr        1187 cur_engine_type =   cloud  
[2023/09/19 10:00:40 506] isr        1001 cloud_session_begin  
[2023/09/19 10:00:40 506] isr        1013 unknown  
[2023/09/19 10:00:40 741] isr        1547 ASR_MSG_AUW,   cloud  
[2023/09/19 10:00:40 741] isr        1559 3200  1  
[2023/09/19 10:00:40 741] isr        1569 once_bytes:   3200  
[2023/09/19 10:00:40 742] isr        1547 ASR_MSG_AUW,   cloud  
[2023/09/19 10:00:40 742] isr        1559 3200  2  
[2023/09/19 10:00:40 743] isr        851  [aud] speech start  
[2023/09/19 10:00:40 743] isr        798  1  msc  
[2023/09/19 10:00:40 784] isr        700  cloud_status_cb, eps:  1  
[2023/09/19 10:00:40 784] isr        798  1  cloud  
[2023/09/19 10:00:40 785] isr        813  cloud eps ignored  
[2023/09/19 10:00:40 903] isr        1547 ASR_MSG_AUW,   cloud  
[2023/09/19 10:00:40 903] isr        1559 3200  2  
[2023/09/19 10:00:41 067] isr        1547 ASR_MSG_AUW,   cloud  
[2023/09/19 10:00:41 067] isr        1559 3200  2  
[2023/09/19 10:00:41 068] isr        1547 ASR_MSG_AUW,   cloud  
[2023/09/19 10:00:41 068] isr        1559 3200  2  
[2023/09/19 10:00:41 224] isr        1547 ASR_MSG_AUW,   cloud  
[2023/09/19 10:00:41 224] isr        1559 3200  2  
[2023/09/19 10:00:41 224] isr        1547 ASR_MSG_AUW,   cloud  
[2023/09/19 10:00:41 224] isr        1559 3200  2  
[2023/09/19 10:00:41 388] isr        1547 ASR_MSG_AUW,   cloud  
[2023/09/19 10:00:41 388] isr        1559 3200  2  
[2023/09/19 10:00:41 552] isr        1547 ASR_MSG_AUW,   cloud  
[2023/09/19 10:00:41 552] isr        1559 3200  2  
[2023/09/19 10:00:41 552] isr        1547 ASR_MSG_AUW,   cloud  
[2023/09/19 10:00:41 552] isr        1559 3200  2  
[2023/09/19 10:00:41 716] isr        1547 ASR_MSG_AUW,   cloud  
[2023/09/19 10:00:41 716] isr        1559 3200  2  
[2023/09/19 10:00:41 716] isr        1547 ASR_MSG_AUW,   cloud  
[2023/09/19 10:00:41 716] isr        1559 3200  2  
[2023/09/19 10:00:41 864] isr        1547 ASR_MSG_AUW,   cloud  
[2023/09/19 10:00:41 864] isr        1559 3200  2  
[2023/09/19 10:00:42 028] isr        1547 ASR_MSG_AUW,   cloud  
[2023/09/19 10:00:42 029] isr        1559 3200  2  
[2023/09/19 10:00:42 029] isr        1547 ASR_MSG_AUW,   cloud  
[2023/09/19 10:00:42 029] isr        1559 3200  2  
[2023/09/19 10:00:42 192] isr        1547 ASR_MSG_AUW,   cloud  
[2023/09/19 10:00:42 192] isr        1559 3200  2  
[2023/09/19 10:00:42 356] isr        1547 ASR_MSG_AUW,   cloud  
[2023/09/19 10:00:42 357] isr        1559 3200  2  
[2023/09/19 10:00:42 357] isr        1547 ASR_MSG_AUW,   cloud  
[2023/09/19 10:00:42 357] isr        1559 3200  2  
[2023/09/19 10:00:42 521] isr        1547 ASR_MSG_AUW,   cloud  
[2023/09/19 10:00:42 521] isr        1559 3200  2  
[2023/09/19 10:00:42 521] isr        1547 ASR_MSG_AUW,   cloud  
[2023/09/19 10:00:42 521] isr        1559 3200  2  
[2023/09/19 10:00:42 685] isr        1547 ASR_MSG_AUW,   cloud  
[2023/09/19 10:00:42 685] isr        1559 3200  2  
[2023/09/19 10:00:42 848] isr        1547 ASR_MSG_AUW,   cloud  
[2023/09/19 10:00:42 849] isr        1559 3200  2  
[2023/09/19 10:00:42 849] isr        1547 ASR_MSG_AUW,   cloud  
[2023/09/19 10:00:42 849] isr        1559 3200  2  
[2023/09/19 10:00:43 012] isr        1547 ASR_MSG_AUW,   cloud  
[2023/09/19 10:00:43 012] isr        1559 3200  2  
[2023/09/19 10:00:43 013] isr        1547 ASR_MSG_AUW,   cloud  
[2023/09/19 10:00:43 013] isr        1559 3200  2  
[2023/09/19 10:00:43 145] isr        1547 ASR_MSG_AUW,   cloud  
[2023/09/19 10:00:43 145] isr        1559 3200  2  
[2023/09/19 10:00:43 309] isr        1547 ASR_MSG_AUW,   cloud  
[2023/09/19 10:00:43 309] isr        1559 3200  2  
[2023/09/19 10:00:43 309] isr        1547 ASR_MSG_AUW,   cloud  
[2023/09/19 10:00:43 309] isr        1559 3200  2  
[2023/09/19 10:00:43 473] isr        1547 ASR_MSG_AUW,   cloud  
[2023/09/19 10:00:43 473] isr        1559 3200  2  
[2023/09/19 10:00:43 637] isr        1547 ASR_MSG_AUW,   cloud  
[2023/09/19 10:00:43 637] isr        1559 3200  2  
[2023/09/19 10:00:43 637] isr        1547 ASR_MSG_AUW,   cloud  
[2023/09/19 10:00:43 637] isr        1559 3200  2  
[2023/09/19 10:00:43 801] isr        1547 ASR_MSG_AUW,   cloud  
[2023/09/19 10:00:43 801] isr        1559 3200  2  
[2023/09/19 10:00:43 965] isr        1547 ASR_MSG_AUW,   cloud  
[2023/09/19 10:00:43 965] isr        1559 3200  2  
[2023/09/19 10:00:43 965] isr        1547 ASR_MSG_AUW,   cloud  
[2023/09/19 10:00:43 965] isr        1559 3200  2  
[2023/09/19 10:00:44 129] isr        1547 ASR_MSG_AUW,   cloud  
[2023/09/19 10:00:44 129] isr        1559 3200  2  
[2023/09/19 10:00:44 129] isr        1547 ASR_MSG_AUW,   cloud  
[2023/09/19 10:00:44 130] isr        1559 3200  2  
[2023/09/19 10:00:44 293] isr        1547 ASR_MSG_AUW,   cloud  
[2023/09/19 10:00:44 293] isr        1559 3200  2  
[2023/09/19 10:00:44 457] isr        1547 ASR_MSG_AUW,   cloud  
[2023/09/19 10:00:44 457] isr        1559 3200  2  
[2023/09/19 10:00:44 457] isr        1547 ASR_MSG_AUW,   cloud  
[2023/09/19 10:00:44 457] isr        1559 3200  2  
[2023/09/19 10:00:44 621] isr        1547 ASR_MSG_AUW,   cloud  
[2023/09/19 10:00:44 621] isr        1559 3200  2  
[2023/09/19 10:00:44 621] isr        1547 ASR_MSG_AUW,   cloud  
[2023/09/19 10:00:44 621] isr        1559 3200  2  
[2023/09/19 10:00:44 785] isr        1547 ASR_MSG_AUW,   cloud  
[2023/09/19 10:00:44 785] isr        1559 3200  2  
[2023/09/19 10:00:44 949] isr        1547 ASR_MSG_AUW,   cloud  
[2023/09/19 10:00:44 949] isr        1559 3200  2  
[2023/09/19 10:00:44 949] isr        1547 ASR_MSG_AUW,   cloud  
[2023/09/19 10:00:44 949] isr        1559 3200  2  
[2023/09/19 10:00:44 995] isr        662  cloud_rslt_cb status =   0  
[2023/09/19 10:00:44 995] isr        641  process_result call:  cloud  udata(b0035c38) 0  nil  
[2023/09/19 10:00:45 113] isr        1547 ASR_MSG_AUW,   cloud  
[2023/09/19 10:00:45 113] isr        1559 3200  2  
[2023/09/19 10:00:45 113] isr        1547 ASR_MSG_AUW,   cloud  
[2023/09/19 10:00:45 113] isr        1559 3200  2  
[2023/09/19 10:00:45 277] isr        1547 ASR_MSG_AUW,   cloud  
[2023/09/19 10:00:45 277] isr        1559 3200  2  
[2023/09/19 10:00:45 277] isr        1636 ASR_MSG_GRSLT,   cloud  
[2023/09/19 10:00:45 277] isr        1335 0  udata(b0035c38) 0  
[2023/09/19 10:00:45 441] isr        1547 ASR_MSG_AUW,   cloud  
[2023/09/19 10:00:45 441] isr        1559 3200  2  
[2023/09/19 10:00:45 441] isr        1636 ASR_MSG_GRSLT,   cloud  
[2023/09/19 10:00:45 441] isr        1335 0  nil  2  
[2023/09/19 10:00:45 442] isr        1547 ASR_MSG_AUW,   cloud  
[2023/09/19 10:00:45 442] isr        1559 3200  2  
[2023/09/19 10:00:45 605] isr        1547 ASR_MSG_AUW,   cloud  
[2023/09/19 10:00:45 605] isr        1559 3200  2  
[2023/09/19 10:00:45 769] isr        1547 ASR_MSG_AUW,   cloud  
[2023/09/19 10:00:45 769] isr        1559 3200  2  
[2023/09/19 10:00:45 769] isr        1547 ASR_MSG_AUW,   cloud  
[2023/09/19 10:00:45 769] isr        1559 3200  2  
[2023/09/19 10:00:45 772] isr        854  [aud] speech end  
[2023/09/19 10:00:45 772] isr        798  3  msc  
[2023/09/19 10:00:45 772] isr        864  aud end, MSC VAD  
[2023/09/19 10:00:45 847] isr        700  cloud_status_cb, eps:  3  
[2023/09/19 10:00:45 847] isr        798  3  cloud  
[2023/09/19 10:00:45 847] isr        800  already speech end  
[2023/09/19 10:00:45 849] isr        662  cloud_rslt_cb status =   5  
[2023/09/19 10:00:45 849] isr        641  process_result call:  cloud  udata(b0034cc8) 5  nil  
[2023/09/19 10:00:45 849] isr        798  3  msc  
[2023/09/19 10:00:45 849] isr        800  already speech end  
[2023/09/19 10:00:45 933] isr        1547 ASR_MSG_AUW,   cloud  
[2023/09/19 10:00:45 933] isr        1559 3200  2  
[2023/09/19 10:00:45 934] isr        1636 ASR_MSG_GRSLT,   cloud  
[2023/09/19 10:00:45 934] isr        1335 0  udata(b0034cc8) 5  
[2023/09/19 10:00:46 035] isr        1639 ASR_MSG_SSE,   cloud  
[2023/09/19 10:00:46 035] isr        1356 session_end() [in]  
[2023/09/19 10:00:46 035] isr        1421 cloud_session_end() [in]  
[2023/09/19 10:00:46 037] isr        1488 ns_host=  open.xf-yun.com  
[2023/09/19 10:00:46 037] isr        1498 tick()mod=  1029645789  
[2023/09/19 10:00:46 037] isr        1499 tick()=  1029645789  
[2023/09/19 10:00:46 037] isr        1501 diff=  5385  
[2023/09/19 10:00:46 037] isr        1514 cloud_session_end() [out]  
[2023/09/19 10:00:46 037] isr        1667 isr unload!  
============================================================
Time  2023/09/19 10:02:14 932 
============================================================
[2023/09/19 10:02:14 932] isr        1659 isr loaded!  
[2023/09/19 10:02:14 932] isr        1642 SYS_MSG_REGCB param0 =   msp_status_cb  param1 =   func(f002fb80) 
[2023/09/19 10:02:14 932] isr        1537 ASR_MSG_SSB  
[2023/09/19 10:02:14 932] isr        1066 session_begin() [in], params:   sub = iat, domain = iat, language = zh_cn, accent = mandarin, sample_rate = 16000, result_type = plain, result_encoding = utf8  nil  
[2023/09/19 10:02:14 932] isr        927  vad_set [in]  
[2023/09/19 10:02:14 932] isr        962  vad_enable :  true  
[2023/09/19 10:02:14 932] isr        980  vad_bos :  10000  
[2023/09/19 10:02:14 932] isr        981  vad_eos :  2000  
[2023/09/19 10:02:14 932] isr        886  enable_vad [in]  
[2023/09/19 10:02:14 932] isr        918  vad enabled!  2000  10000  
[2023/09/19 10:02:14 932] isr        921  enable_vad [out]  
[2023/09/19 10:02:14 932] isr        987  vad_set [out] | ret =  0  
[2023/09/19 10:02:14 932] isr        1187 cur_engine_type =   cloud  
[2023/09/19 10:02:14 932] isr        1001 cloud_session_begin  
[2023/09/19 10:02:14 932] isr        1013 unknown  
[2023/09/19 10:02:15 169] isr        1547 ASR_MSG_AUW,   cloud  
[2023/09/19 10:02:15 169] isr        1559 3200  1  
[2023/09/19 10:02:15 169] isr        1569 once_bytes:   3200  
[2023/09/19 10:02:15 169] isr        1547 ASR_MSG_AUW,   cloud  
[2023/09/19 10:02:15 170] isr        1559 3200  2  
[2023/09/19 10:02:15 171] isr        851  [aud] speech start  
[2023/09/19 10:02:15 171] isr        798  1  msc  
[2023/09/19 10:02:15 231] isr        700  cloud_status_cb, eps:  1  
[2023/09/19 10:02:15 231] isr        798  1  cloud  
[2023/09/19 10:02:15 231] isr        813  cloud eps ignored  
[2023/09/19 10:02:15 330] isr        1547 ASR_MSG_AUW,   cloud  
[2023/09/19 10:02:15 330] isr        1559 3200  2  
[2023/09/19 10:02:15 494] isr        1547 ASR_MSG_AUW,   cloud  
[2023/09/19 10:02:15 494] isr        1559 3200  2  
[2023/09/19 10:02:15 494] isr        1547 ASR_MSG_AUW,   cloud  
[2023/09/19 10:02:15 494] isr        1559 3200  2  
[2023/09/19 10:02:15 649] isr        1547 ASR_MSG_AUW,   cloud  
[2023/09/19 10:02:15 650] isr        1559 3200  2  
[2023/09/19 10:02:15 650] isr        1547 ASR_MSG_AUW,   cloud  
[2023/09/19 10:02:15 650] isr        1559 3200  2  
[2023/09/19 10:02:15 811] isr        1547 ASR_MSG_AUW,   cloud  
[2023/09/19 10:02:15 811] isr        1559 3200  2  
[2023/09/19 10:02:15 973] isr        1547 ASR_MSG_AUW,   cloud  
[2023/09/19 10:02:15 974] isr        1559 3200  2  
[2023/09/19 10:02:15 974] isr        1547 ASR_MSG_AUW,   cloud  
[2023/09/19 10:02:15 974] isr        1559 3200  2  
[2023/09/19 10:02:16 135] isr        1547 ASR_MSG_AUW,   cloud  
[2023/09/19 10:02:16 136] isr        1559 3200  2  
[2023/09/19 10:02:16 136] isr        1547 ASR_MSG_AUW,   cloud  
[2023/09/19 10:02:16 136] isr        1559 3200  2  
[2023/09/19 10:02:16 291] isr        1547 ASR_MSG_AUW,   cloud  
[2023/09/19 10:02:16 291] isr        1559 3200  2  
[2023/09/19 10:02:16 455] isr        1547 ASR_MSG_AUW,   cloud  
[2023/09/19 10:02:16 455] isr        1559 3200  2  
[2023/09/19 10:02:16 455] isr        1547 ASR_MSG_AUW,   cloud  
[2023/09/19 10:02:16 456] isr        1559 3200  2  
[2023/09/19 10:02:16 619] isr        1547 ASR_MSG_AUW,   cloud  
[2023/09/19 10:02:16 619] isr        1559 3200  2  
[2023/09/19 10:02:16 783] isr        1547 ASR_MSG_AUW,   cloud  
[2023/09/19 10:02:16 783] isr        1559 3200  2  
[2023/09/19 10:02:16 783] isr        1547 ASR_MSG_AUW,   cloud  
[2023/09/19 10:02:16 784] isr        1559 3200  2  
[2023/09/19 10:02:16 947] isr        1547 ASR_MSG_AUW,   cloud  
[2023/09/19 10:02:16 947] isr        1559 3200  2  
[2023/09/19 10:02:16 947] isr        1547 ASR_MSG_AUW,   cloud  
[2023/09/19 10:02:16 947] isr        1559 3200  2  
[2023/09/19 10:02:17 111] isr        1547 ASR_MSG_AUW,   cloud  
[2023/09/19 10:02:17 111] isr        1559 3200  2  
[2023/09/19 10:02:17 275] isr        1547 ASR_MSG_AUW,   cloud  
[2023/09/19 10:02:17 275] isr        1559 3200  2  
[2023/09/19 10:02:17 275] isr        1547 ASR_MSG_AUW,   cloud  
[2023/09/19 10:02:17 275] isr        1559 3200  2  
[2023/09/19 10:02:17 439] isr        1547 ASR_MSG_AUW,   cloud  
[2023/09/19 10:02:17 439] isr        1559 3200  2  
[2023/09/19 10:02:17 439] isr        1547 ASR_MSG_AUW,   cloud  
[2023/09/19 10:02:17 440] isr        1559 3200  2  
[2023/09/19 10:02:17 570] isr        1547 ASR_MSG_AUW,   cloud  
[2023/09/19 10:02:17 571] isr        1559 3200  2  
[2023/09/19 10:02:17 733] isr        1547 ASR_MSG_AUW,   cloud  
[2023/09/19 10:02:17 734] isr        1559 3200  2  
[2023/09/19 10:02:17 734] isr        1547 ASR_MSG_AUW,   cloud  
[2023/09/19 10:02:17 734] isr        1559 3200  2  
[2023/09/19 10:02:17 895] isr        1547 ASR_MSG_AUW,   cloud  
[2023/09/19 10:02:17 895] isr        1559 3200  2  
[2023/09/19 10:02:18 059] isr        1547 ASR_MSG_AUW,   cloud  
[2023/09/19 10:02:18 059] isr        1559 3200  2  
[2023/09/19 10:02:18 059] isr        1547 ASR_MSG_AUW,   cloud  
[2023/09/19 10:02:18 060] isr        1559 3200  2  
[2023/09/19 10:02:18 223] isr        1547 ASR_MSG_AUW,   cloud  
[2023/09/19 10:02:18 223] isr        1559 3200  2  
[2023/09/19 10:02:18 387] isr        1547 ASR_MSG_AUW,   cloud  
[2023/09/19 10:02:18 387] isr        1559 3200  2  
[2023/09/19 10:02:18 387] isr        1547 ASR_MSG_AUW,   cloud  
[2023/09/19 10:02:18 387] isr        1559 3200  2  
[2023/09/19 10:02:18 551] isr        1547 ASR_MSG_AUW,   cloud  
[2023/09/19 10:02:18 551] isr        1559 3200  2  
[2023/09/19 10:02:18 551] isr        1547 ASR_MSG_AUW,   cloud  
[2023/09/19 10:02:18 552] isr        1559 3200  2  
[2023/09/19 10:02:18 715] isr        1547 ASR_MSG_AUW,   cloud  
[2023/09/19 10:02:18 715] isr        1559 3200  2  
[2023/09/19 10:02:18 757] isr        662  cloud_rslt_cb status =   0  
[2023/09/19 10:02:18 757] isr        641  process_result call:  cloud  udata(f0037d98) 0  nil  
[2023/09/19 10:02:18 879] isr        1547 ASR_MSG_AUW,   cloud  
[2023/09/19 10:02:18 879] isr        1559 3200  2  
[2023/09/19 10:02:18 879] isr        1547 ASR_MSG_AUW,   cloud  
[2023/09/19 10:02:18 879] isr        1559 3200  2  
[2023/09/19 10:02:19 043] isr        1547 ASR_MSG_AUW,   cloud  
[2023/09/19 10:02:19 043] isr        1559 3200  2  
[2023/09/19 10:02:19 043] isr        1636 ASR_MSG_GRSLT,   cloud  
[2023/09/19 10:02:19 043] isr        1335 0  udata(f0037d98) 0  
[2023/09/19 10:02:19 043] isr        1547 ASR_MSG_AUW,   cloud  
[2023/09/19 10:02:19 043] isr        1559 3200  2  
[2023/09/19 10:02:19 044] isr        1636 ASR_MSG_GRSLT,   cloud  
[2023/09/19 10:02:19 044] isr        1335 0  nil  2  
[2023/09/19 10:02:19 207] isr        1547 ASR_MSG_AUW,   cloud  
[2023/09/19 10:02:19 207] isr        1559 3200  2  
[2023/09/19 10:02:19 371] isr        1547 ASR_MSG_AUW,   cloud  
[2023/09/19 10:02:19 371] isr        1559 3200  2  
[2023/09/19 10:02:19 371] isr        1547 ASR_MSG_AUW,   cloud  
[2023/09/19 10:02:19 371] isr        1559 3200  2  
[2023/09/19 10:02:19 535] isr        1547 ASR_MSG_AUW,   cloud  
[2023/09/19 10:02:19 535] isr        1559 3200  2  
[2023/09/19 10:02:19 535] isr        1547 ASR_MSG_AUW,   cloud  
[2023/09/19 10:02:19 535] isr        1559 3200  2  
[2023/09/19 10:02:19 537] isr        854  [aud] speech end  
[2023/09/19 10:02:19 537] isr        798  3  msc  
[2023/09/19 10:02:19 537] isr        864  aud end, MSC VAD  
[2023/09/19 10:02:19 608] isr        700  cloud_status_cb, eps:  3  
[2023/09/19 10:02:19 608] isr        798  3  cloud  
[2023/09/19 10:02:19 608] isr        800  already speech end  
[2023/09/19 10:02:19 610] isr        662  cloud_rslt_cb status =   5  
[2023/09/19 10:02:19 611] isr        641  process_result call:  cloud  udata(f00355c8) 5  nil  
[2023/09/19 10:02:19 611] isr        798  3  msc  
[2023/09/19 10:02:19 611] isr        800  already speech end  
[2023/09/19 10:02:19 699] isr        1547 ASR_MSG_AUW,   cloud  
[2023/09/19 10:02:19 699] isr        1559 3200  2  
[2023/09/19 10:02:19 700] isr        1636 ASR_MSG_GRSLT,   cloud  
[2023/09/19 10:02:19 700] isr        1335 0  udata(f00355c8) 5  
[2023/09/19 10:02:19 801] isr        1639 ASR_MSG_SSE,   cloud  
[2023/09/19 10:02:19 801] isr        1356 session_end() [in]  
[2023/09/19 10:02:19 801] isr        1421 cloud_session_end() [in]  
[2023/09/19 10:02:19 803] isr        1488 ns_host=  open.xf-yun.com  
[2023/09/19 10:02:19 803] isr        1498 tick()mod=  1029739555  
[2023/09/19 10:02:19 803] isr        1499 tick()=  1029739555  
[2023/09/19 10:02:19 803] isr        1501 diff=  4755  
[2023/09/19 10:02:19 803] isr        1514 cloud_session_end() [out]  
[2023/09/19 10:02:19 803] isr        1667 isr unload!  
